
> server@0.0.0 start /home/ubuntu/piggypick/server
> node ./bin/www

db connected...⬆️
[0mGET / [32m200 [0m5.109 ms - 331[0m
[0mGET /index.html [32m200 [0m1.194 ms - 331[0m
[0mGET /index.html [32m200 [0m0.694 ms - 331[0m
[0mGET / [32m200 [0m0.725 ms - 331[0m
[0mGET /index.html [32m200 [0m0.703 ms - 331[0m
[0mGET /index.html [32m200 [0m0.713 ms - 331[0m
[0mGET / [32m200 [0m0.683 ms - 331[0m
[0mGET /index.html [32m200 [0m0.648 ms - 331[0m
[0mGET /index.html [32m200 [0m0.800 ms - 331[0m
[0mGET / [32m200 [0m0.674 ms - 331[0m
[0mGET /index.html [32m200 [0m0.647 ms - 331[0m
[0mGET /index.html [32m200 [0m0.644 ms - 331[0m

> server@0.0.0 start /home/ubuntu/piggypick/server
> node ./bin/www

/home/ubuntu/piggypick/server/public/index.html
db connected...⬆️
[0mGET / [32m200 [0m5.569 ms - 331[0m
[0mGET /index.html [32m200 [0m1.202 ms - 331[0m
[0mGET /index.html [32m200 [0m0.709 ms - 331[0m
[0mGET / [32m200 [0m0.756 ms - 331[0m
[0mGET /index.html [32m200 [0m0.702 ms - 331[0m
[0mGET /index.html [32m200 [0m0.694 ms - 331[0m
[0mGET / [32m200 [0m0.723 ms - 331[0m
[0mGET /index.html [32m200 [0m0.653 ms - 331[0m
[0mGET /index.html [32m200 [0m0.671 ms - 331[0m
[0mGET / [32m200 [0m0.658 ms - 331[0m
[0mGET /index.html [32m200 [0m0.645 ms - 331[0m
[0mGET /index.html [32m200 [0m0.673 ms - 331[0m
[0mGET / [32m200 [0m0.686 ms - 331[0m
[0mGET /index.html [32m200 [0m0.633 ms - 331[0m
[0mGET /index.html [32m200 [0m0.642 ms - 331[0m
[0mGET / [32m200 [0m0.646 ms - 331[0m
[0mGET /index.html [32m200 [0m0.637 ms - 331[0m
[0mGET /index.html [32m200 [0m0.640 ms - 331[0m
[0mGET / [32m200 [0m0.623 ms - 331[0m
[0mGET /index.html [32m200 [0m0.621 ms - 331[0m
[0mGET /index.html [32m200 [0m0.644 ms - 331[0m
[0mGET / [32m200 [0m0.626 ms - 331[0m
[0mGET /index.html [32m200 [0m0.619 ms - 331[0m
[0mGET /index.html [32m200 [0m1.624 ms - 331[0m
[0mGET / [32m200 [0m0.636 ms - 331[0m
[0mGET /bundle.js [32m200 [0m0.672 ms - 719791[0m
[0mGET /api/list [32m200 [0m4.987 ms - 28[0m
[0mGET /api/list [32m200 [0m1.408 ms - 28[0m
[0mGET /images/favicon.ico [32m200 [0m0.670 ms - 15406[0m
[0mGET / [32m200 [0m0.650 ms - 331[0m
[0mGET /bundle.js [32m200 [0m0.640 ms - 719791[0m
[0mGET /api/list [32m200 [0m1.233 ms - 28[0m
[0mGET /api/list [32m200 [0m1.338 ms - 28[0m
[0mGET /images/favicon.ico [32m200 [0m0.638 ms - 15406[0m
[0mGET / [32m200 [0m0.668 ms - 331[0m
[0mGET /bundle.js [32m200 [0m0.626 ms - 719791[0m
[0mGET /api/list [32m200 [0m1.319 ms - 28[0m
[0mGET /api/list [32m200 [0m1.259 ms - 28[0m
[0mGET /images/favicon.ico [32m200 [0m0.635 ms - 15406[0m
[0mPOST /api/list [32m200 [0m28.699 ms - 53[0m
[0mGET /api/list [32m200 [0m1.265 ms - 44[0m
[0mDELETE /api/list [32m200 [0m7.476 ms - 45[0m
[0mGET /api/list [32m200 [0m0.965 ms - 28[0m
[0mGET / [32m200 [0m0.628 ms - 331[0m
[0mGET /bundle.js [32m200 [0m0.606 ms - 719791[0m
[0mGET /api/list [32m200 [0m1.445 ms - 28[0m
[0mGET /api/list [32m200 [0m1.224 ms - 28[0m
[0mGET /images/favicon.ico [32m200 [0m0.567 ms - 15406[0m
[0mGET /admin [33m404 [0m2.607 ms - 27[0m
[0mGET /favicon.ico [33m404 [0m0.585 ms - 27[0m
[0mGET / [36m304 [0m0.994 ms - -[0m
[0mGET /bundle.js [36m304 [0m0.481 ms - -[0m
[0mGET /api/list [36m304 [0m1.376 ms - -[0m
[0mGET /api/list [36m304 [0m1.261 ms - -[0m
[0mGET / [32m200 [0m0.627 ms - 331[0m
[0mGET /bundle.js [32m200 [0m0.636 ms - 719791[0m
[0mGET /api/list [32m200 [0m1.215 ms - 28[0m
[0mGET /api/list [32m200 [0m1.167 ms - 28[0m
[0mGET /images/favicon.ico [32m200 [0m0.577 ms - 15406[0m
[0mGET / [32m200 [0m1.676 ms - 331[0m
[0mGET /bundle.js [32m200 [0m0.622 ms - 719791[0m
[0mGET /api/list [32m200 [0m1.311 ms - 28[0m
[0mGET /api/list [32m200 [0m1.080 ms - 28[0m
[0mGET /images/favicon.ico [32m200 [0m0.627 ms - 15406[0m
[0mPOST /api/list [32m200 [0m5.833 ms - 53[0m
[0mGET /api/list [32m200 [0m1.029 ms - 49[0m
[0mPOST /api/list [32m200 [0m5.470 ms - 53[0m
[0mGET /api/list [32m200 [0m0.997 ms - 77[0m
[0mPOST /api/list [32m200 [0m5.013 ms - 53[0m
[0mGET /api/list [32m200 [0m1.033 ms - 102[0m
[0mPOST /api/list [32m200 [0m5.836 ms - 53[0m
[0mGET /api/list [32m200 [0m0.988 ms - 126[0m
[0mPOST /api/list [32m200 [0m4.960 ms - 53[0m
[0mGET /api/list [32m200 [0m1.025 ms - 150[0m
[0mPOST /api/list [32m200 [0m4.893 ms - 53[0m
[0mGET /api/list [32m200 [0m0.959 ms - 180[0m
[0mPOST /api/list [32m200 [0m5.104 ms - 53[0m
[0mGET /api/list [32m200 [0m1.028 ms - 204[0m
[0mPOST /api/list [32m200 [0m5.315 ms - 53[0m
[0mGET /api/list [32m200 [0m1.016 ms - 225[0m
[0mPOST /api/list [32m200 [0m5.431 ms - 53[0m
[0mGET /api/list [32m200 [0m1.024 ms - 243[0m
[0mPOST /api/list [32m200 [0m5.980 ms - 53[0m
[0mGET /api/list [32m200 [0m0.975 ms - 267[0m
[0mPOST /api/list [32m200 [0m5.080 ms - 53[0m
[0mGET /api/list [32m200 [0m0.987 ms - 291[0m
[0mPOST /api/list [32m200 [0m34.098 ms - 53[0m
[0mGET /api/list [32m200 [0m1.235 ms - 331[0m
[0mPOST /api/list [32m200 [0m6.129 ms - 53[0m
[0mGET /api/list [32m200 [0m1.000 ms - 359[0m
[0mPOST /api/list [32m200 [0m6.782 ms - 53[0m
[0mGET /api/list [32m200 [0m1.182 ms - 395[0m
[0mPOST /api/list [32m200 [0m5.471 ms - 53[0m
[0mGET /api/list [32m200 [0m2.387 ms - 416[0m
[0mPOST /api/list [32m200 [0m4.853 ms - 53[0m
[0mGET /api/list [32m200 [0m1.145 ms - 437[0m
[0mPOST /api/list [32m200 [0m5.178 ms - 53[0m
[0mGET /api/list [32m200 [0m1.184 ms - 458[0m
[0mPOST /api/list [32m200 [0m5.010 ms - 53[0m
[0mGET /api/list [32m200 [0m1.172 ms - 479[0m
[0mPOST /api/list [32m200 [0m5.766 ms - 53[0m
[0mGET /api/list [32m200 [0m1.105 ms - 500[0m
[0mPOST /api/list [32m200 [0m7.494 ms - 53[0m
[0mGET /api/list [32m200 [0m1.136 ms - 518[0m
[0mPOST /api/list [32m200 [0m5.897 ms - 53[0m
[0mGET /api/list [32m200 [0m1.234 ms - 539[0m
[0mPOST /api/list [32m200 [0m4.910 ms - 53[0m
[0mGET /api/list [32m200 [0m1.124 ms - 560[0m
[0mPOST /api/list [32m200 [0m5.130 ms - 53[0m
[0mGET /api/list [32m200 [0m1.136 ms - 584[0m
[0mDELETE /api/list [32m200 [0m5.011 ms - 45[0m
[0mGET /api/list [32m200 [0m1.263 ms - 560[0m
[0mPOST /api/list [32m200 [0m5.074 ms - 53[0m
[0mGET /api/list [32m200 [0m1.096 ms - 587[0m
[0mPOST /api/list [32m200 [0m5.012 ms - 53[0m
[0mGET /api/list [32m200 [0m2.002 ms - 614[0m
[0mPOST /api/list [32m200 [0m5.024 ms - 53[0m
[0mGET /api/list [32m200 [0m1.120 ms - 638[0m
[0mPOST /api/list [32m200 [0m4.933 ms - 53[0m
[0mGET /api/list [32m200 [0m1.089 ms - 656[0m
[0mPOST /api/list [32m200 [0m5.121 ms - 53[0m
[0mGET /api/list [32m200 [0m1.593 ms - 677[0m
[0mPOST /api/list [32m200 [0m4.889 ms - 53[0m
[0mGET /api/list [32m200 [0m1.147 ms - 701[0m
[0mPOST /api/list [32m200 [0m4.956 ms - 53[0m
[0mGET /api/list [32m200 [0m1.132 ms - 725[0m
[0mPOST /api/list [32m200 [0m6.111 ms - 53[0m
[0mGET /api/list [32m200 [0m1.280 ms - 749[0m
[0mPOST /api/list [32m200 [0m5.223 ms - 53[0m
[0mGET /api/list [32m200 [0m1.077 ms - 773[0m
[0mPOST /api/list [32m200 [0m5.359 ms - 53[0m
[0mGET /api/list [32m200 [0m1.133 ms - 815[0m
[0mPOST /api/list [32m200 [0m6.633 ms - 53[0m
[0mGET /api/list [32m200 [0m1.164 ms - 848[0m
[0mPOST /api/list [32m200 [0m5.875 ms - 53[0m
[0mGET /api/list [32m200 [0m1.204 ms - 866[0m
[0mPOST /api/list [32m200 [0m6.726 ms - 53[0m
[0mGET /api/list [32m200 [0m2.161 ms - 884[0m
[0mPOST /api/list [32m200 [0m13.558 ms - 53[0m
[0mGET /api/list [32m200 [0m1.207 ms - 911[0m
[0mPOST /api/list [32m200 [0m5.195 ms - 53[0m
[0mGET /api/list [32m200 [0m1.289 ms - 929[0m
[0mPOST /api/list [32m200 [0m5.085 ms - 53[0m
[0mGET /api/list [32m200 [0m1.254 ms - 953[0m
[0mPOST /api/list [32m200 [0m4.960 ms - 53[0m
[0mGET /api/list [32m200 [0m1.271 ms - 983[0m
[0mPOST /api/list [32m200 [0m7.033 ms - 53[0m
[0mGET /api/list [32m200 [0m1.266 ms - 1016[0m
[0mPOST /api/list [32m200 [0m5.838 ms - 53[0m
[0mGET /api/list [32m200 [0m1.245 ms - 1037[0m
[0mPOST /api/list [32m200 [0m4.881 ms - 53[0m
[0mGET /api/list [32m200 [0m1.268 ms - 1064[0m
[0mPOST /api/list [32m200 [0m5.477 ms - 53[0m
[0mGET /api/list [32m200 [0m1.294 ms - 1088[0m
[0mPOST /api/list [32m200 [0m4.658 ms - 53[0m
[0mGET /api/list [32m200 [0m1.207 ms - 1118[0m
[0mPOST /api/list [32m200 [0m6.384 ms - 53[0m
[0mGET /api/list [32m200 [0m1.319 ms - 1136[0m
[0mPOST /api/list [32m200 [0m4.927 ms - 53[0m
[0mGET /api/list [32m200 [0m2.074 ms - 1154[0m
[0mPOST /api/list [32m200 [0m5.460 ms - 53[0m
[0mGET /api/list [32m200 [0m1.267 ms - 1175[0m
[0mPOST /api/list [32m200 [0m5.072 ms - 53[0m
[0mGET /api/list [32m200 [0m1.228 ms - 1199[0m
[0mPOST /api/list [32m200 [0m4.729 ms - 53[0m
[0mGET /api/list [32m200 [0m2.994 ms - 1217[0m
[0mPOST /api/list [32m200 [0m4.878 ms - 53[0m
[0mGET /api/list [32m200 [0m1.240 ms - 1238[0m
[0mPOST /api/list [32m200 [0m4.873 ms - 53[0m
[0mGET /api/list [32m200 [0m1.256 ms - 1262[0m
[0mPOST /api/list [32m200 [0m4.986 ms - 53[0m
[0mGET /api/list [32m200 [0m2.555 ms - 1286[0m
[0mPOST /api/list [32m200 [0m5.067 ms - 53[0m
[0mGET /api/list [32m200 [0m1.410 ms - 1307[0m
[0mPOST /api/list [32m200 [0m4.646 ms - 53[0m
[0mGET /api/list [32m200 [0m1.226 ms - 1325[0m
[0mPOST /api/list [32m200 [0m4.747 ms - 53[0m
[0mGET /api/list [32m200 [0m4.635 ms - 1349[0m
[0mPOST /api/list [32m200 [0m5.008 ms - 53[0m
[0mGET /api/list [32m200 [0m1.278 ms - 1364[0m
[0mDELETE /api/list [32m200 [0m5.720 ms - 45[0m
[0mGET /api/list [32m200 [0m1.302 ms - 1349[0m
[0mPOST /api/list [32m200 [0m7.641 ms - 53[0m
[0mGET /api/list [32m200 [0m1.288 ms - 1370[0m
[0mPOST /api/list [32m200 [0m5.043 ms - 53[0m
[0mGET /api/list [32m200 [0m1.174 ms - 1386[0m
[0mPOST /api/list [32m200 [0m6.496 ms - 53[0m
[0mGET /api/list [32m200 [0m1.255 ms - 1413[0m
[0mPOST /api/list [32m200 [0m4.506 ms - 53[0m
[0mGET /api/list [32m200 [0m2.211 ms - 1434[0m
[0mPOST /api/list [32m200 [0m4.713 ms - 53[0m
[0mGET /api/list [32m200 [0m1.134 ms - 1458[0m
[0mPOST /api/list [32m200 [0m5.062 ms - 53[0m
[0mGET /api/list [32m200 [0m1.118 ms - 1491[0m
[0mPOST /api/list [32m200 [0m4.660 ms - 53[0m
[0mGET /api/list [32m200 [0m1.105 ms - 1509[0m
[0mPOST /api/list [32m200 [0m4.723 ms - 53[0m
[0mGET /api/list [32m200 [0m1.277 ms - 1530[0m
[0mPOST /api/list [32m200 [0m4.843 ms - 53[0m
[0mGET /api/list [32m200 [0m1.153 ms - 1560[0m
[0mPOST /api/list [32m200 [0m4.866 ms - 53[0m
[0mGET /api/list [32m200 [0m3.459 ms - 1593[0m
[0mPOST /api/list [32m200 [0m5.250 ms - 53[0m
[0mGET /api/list [32m200 [0m1.095 ms - 1635[0m
[0mPOST /api/list [32m200 [0m5.237 ms - 53[0m
[0mGET /api/list [32m200 [0m2.195 ms - 1659[0m
[0mPOST /api/list [32m200 [0m4.765 ms - 53[0m
[0mGET /api/list [32m200 [0m1.283 ms - 1683[0m
[0mPOST /api/list [32m200 [0m4.762 ms - 53[0m
[0mGET /api/list [32m200 [0m1.226 ms - 1701[0m
[0mPOST /api/list [32m200 [0m4.937 ms - 53[0m
[0mGET /api/list [32m200 [0m1.314 ms - 1734[0m
[0mPOST /api/list [32m200 [0m4.831 ms - 53[0m
[0mGET /api/list [32m200 [0m1.169 ms - 1755[0m
[0mPOST /api/list [32m200 [0m5.912 ms - 53[0m
[0mGET /api/list [32m200 [0m1.411 ms - 1779[0m
[0mPOST /api/list [32m200 [0m5.827 ms - 53[0m
[0mGET /api/list [32m200 [0m1.369 ms - 1797[0m
[0mPOST /api/list [32m200 [0m5.185 ms - 53[0m
[0mGET /api/list [32m200 [0m1.387 ms - 1818[0m
[0mPOST /api/list [32m200 [0m4.766 ms - 53[0m
[0mGET /api/list [32m200 [0m1.270 ms - 1851[0m
[0mPOST /api/list [32m200 [0m4.861 ms - 53[0m
[0mGET /api/list [32m200 [0m7.797 ms - 1869[0m
[0mPOST /api/list [32m200 [0m4.846 ms - 53[0m
[0mGET /api/list [32m200 [0m1.307 ms - 1890[0m
[0mPOST /api/list [32m200 [0m5.030 ms - 53[0m
[0mGET /api/list [32m200 [0m1.212 ms - 1914[0m
[0mPOST /api/list [32m200 [0m4.794 ms - 53[0m
[0mGET /api/list [32m200 [0m1.267 ms - 1950[0m
[0mPOST /api/list [32m200 [0m5.194 ms - 53[0m
[0mGET /api/list [32m200 [0m1.325 ms - 1980[0m
[0mPOST /api/list [32m200 [0m4.942 ms - 53[0m
[0mGET /api/list [32m200 [0m7.139 ms - 2007[0m
[0mDELETE /api/list [32m200 [0m5.536 ms - 45[0m
[0mGET /api/list [32m200 [0m1.240 ms - 1980[0m
[0mPOST /api/list [32m200 [0m4.980 ms - 53[0m
[0mGET /api/list [32m200 [0m1.183 ms - 2016[0m
[0mPOST /api/list [32m200 [0m4.861 ms - 53[0m
[0mGET /api/list [32m200 [0m1.996 ms - 2034[0m
[0mPOST /api/list [32m200 [0m6.178 ms - 53[0m
[0mGET /api/list [32m200 [0m1.073 ms - 2061[0m
[0mPOST /api/list [32m200 [0m5.049 ms - 53[0m
[0mGET /api/list [32m200 [0m1.297 ms - 2088[0m
[0mPOST /api/list [32m200 [0m4.738 ms - 53[0m
[0mGET /api/list [32m200 [0m1.199 ms - 2121[0m
[0mDELETE /api/list [32m200 [0m5.471 ms - 45[0m
[0mGET /api/list [32m200 [0m1.147 ms - 2088[0m
[0mPOST /api/list [32m200 [0m4.806 ms - 53[0m
[0mGET /api/list [32m200 [0m1.183 ms - 2121[0m
[0mGET / [32m200 [0m1.498 ms - 331[0m
[0mGET / [32m200 [0m0.607 ms - 331[0m
[0mGET /bundle.js [32m200 [0m0.601 ms - 720196[0m
[0mGET /api/list [36m304 [0m1.570 ms - -[0m
[0mGET /api/list [36m304 [0m1.380 ms - -[0m
[0mGET / [32m200 [0m0.564 ms - 331[0m
[0mGET /bundle.js [32m200 [0m0.481 ms - 720196[0m
[0mGET /api/list [32m200 [0m1.438 ms - 2121[0m
[0mGET /api/list [32m200 [0m1.367 ms - 2121[0m
[0mGET /images/favicon.ico [32m200 [0m0.567 ms - 15406[0m
[0mGET / [32m200 [0m0.554 ms - 331[0m
[0mGET /bundle.js [32m200 [0m0.607 ms - 720196[0m
[0mGET /api/list [32m200 [0m1.511 ms - 2121[0m
[0mGET /api/list [32m200 [0m1.437 ms - 2121[0m
[0mGET /images/favicon.ico [32m200 [0m0.529 ms - 15406[0m
[0mGET / [32m200 [0m0.571 ms - 331[0m
[0mGET /bundle.js [32m200 [0m0.537 ms - 720196[0m
[0mGET /api/list [32m200 [0m1.622 ms - 2121[0m
[0mGET /api/list [32m200 [0m1.375 ms - 2121[0m
[0mGET /images/favicon.ico [32m200 [0m0.508 ms - 15406[0m
[0mGET / [32m200 [0m0.590 ms - 331[0m
[0mGET /bundle.js [32m200 [0m0.588 ms - 720211[0m
[0mGET /api/list [32m200 [0m2.442 ms - 2121[0m
[0mGET /api/list [32m200 [0m1.326 ms - 2121[0m
[0mGET /images/favicon.ico [32m200 [0m0.600 ms - 15406[0m
[0mDELETE /api/list [32m200 [0m5.435 ms - 45[0m
[0mGET /api/list [32m200 [0m1.293 ms - 2088[0m
[0mGET / [32m200 [0m0.561 ms - 331[0m
[0mGET /bundle.js [32m200 [0m0.541 ms - 720211[0m
[0mGET /api/list [32m200 [0m1.454 ms - 2088[0m
[0mGET /api/list [32m200 [0m1.316 ms - 2088[0m
[0mGET /images/favicon.ico [32m200 [0m0.526 ms - 15406[0m
[0mDELETE /api/list [32m200 [0m5.274 ms - 45[0m
[0mGET /api/list [32m200 [0m2.293 ms - 2061[0m
[0mGET / [32m200 [0m0.571 ms - 331[0m
[0mGET /bundle.js [32m200 [0m0.563 ms - 720211[0m
[0mGET /api/list [32m200 [0m1.429 ms - 2061[0m
[0mGET /api/list [32m200 [0m1.535 ms - 2061[0m
[0mGET /images/favicon.ico [32m200 [0m0.564 ms - 15406[0m
[0mGET / [32m200 [0m0.600 ms - 331[0m
[0mGET /bundle.js [32m200 [0m0.569 ms - 720211[0m
[0mGET /api/list [32m200 [0m1.538 ms - 2061[0m
[0mGET /api/list [36m304 [0m1.320 ms - -[0m
[0mGET /images/favicon.ico [32m200 [0m0.576 ms - 15406[0m
[0mGET / [36m304 [0m0.533 ms - -[0m
[0mGET /bundle.js [36m304 [0m0.445 ms - -[0m
[0mGET /api/list [36m304 [0m1.487 ms - -[0m
[0mGET /images/favicon.ico [32m200 [0m0.543 ms - 15406[0m
[0mGET /api/list [36m304 [0m1.349 ms - -[0m
[0mGET / [32m200 [0m0.990 ms - 331[0m
[0mGET / [32m200 [0m0.590 ms - 583[0m
[0mGET /bundle.js [32m200 [0m0.616 ms - 720211[0m
[0mGET /api/list [36m304 [0m1.386 ms - -[0m
[0mGET /api/list [36m304 [0m1.394 ms - -[0m
[0mGET / [32m200 [0m0.573 ms - 583[0m
[0mGET /bundle.js [32m200 [0m0.460 ms - 720211[0m
[0mGET /api/list [32m200 [0m2.965 ms - 2061[0m
[0mGET /images/favicon.ico [32m200 [0m0.499 ms - 15406[0m
[0mGET /api/list [36m304 [0m3.705 ms - -[0m
[0mGET / [32m200 [0m0.587 ms - 583[0m
[0mGET /bundle.js [32m200 [0m0.466 ms - 720211[0m
[0mGET /api/list [32m200 [0m1.411 ms - 2061[0m
[0mGET /api/list [32m200 [0m1.246 ms - 2061[0m
[0mGET /images/favicon.ico [32m200 [0m0.540 ms - 15406[0m
[0mGET / [32m200 [0m0.701 ms - 583[0m
[0mGET /images/og.jpg [32m200 [0m0.612 ms - 2737961[0m
[0mGET /images/og.jpg [32m200 [0m13.692 ms - 2737961[0m
[0mGET /images/og.jpg [32m200 [0m0.590 ms - 2737961[0m
[0mGET /images/og.jpg [32m200 [0m0.593 ms - 2737961[0m
[0mGET / [32m200 [0m0.551 ms - 583[0m
[0mGET /bundle.js [32m200 [0m0.548 ms - 720211[0m
[0mGET /api/list [32m200 [0m1.725 ms - 2061[0m
[0mGET /api/list [32m200 [0m1.405 ms - 2061[0m
[0mGET /images/favicon.ico [32m200 [0m0.537 ms - 15406[0m
[0mPOST /api/list [32m200 [0m4.780 ms - 53[0m
[0mGET /api/list [32m200 [0m1.399 ms - 2089[0m

> server@0.0.0 start /home/ubuntu/piggypick/server
> node ./bin/www

/home/ubuntu/piggypick/server/public/index.html
db connected...⬆️
[0mHEAD / [32m200 [0m3.503 ms - 583[0m
[0mHEAD / [32m200 [0m0.720 ms - 583[0m
[0mHEAD / [32m200 [0m0.438 ms - 583[0m
[0mHEAD / [32m200 [0m0.450 ms - 583[0m
[0mDELETE /api/list [32m200 [0m16.627 ms - 45[0m
[0mGET /api/list [32m200 [0m3.141 ms - 2089[0m
[0mDELETE /api/list [32m200 [0m5.357 ms - 45[0m
[0mGET /api/list [32m200 [0m1.699 ms - 2061[0m
[0mPOST /api/list [32m200 [0m5.260 ms - 53[0m
TypeError [ERR_INVALID_ARG_TYPE]: The "url" argument must be of type string. Received undefined
    at validateString (internal/validators.js:122:11)
    at Url.parse (url.js:159:3)
    at Object.urlParse [as parse] (url.js:154:13)
    at dispatchHttpRequest (/home/ubuntu/piggypick/server/node_modules/axios/lib/adapters/http.js:66:22)
    at new Promise (<anonymous>)
    at httpAdapter (/home/ubuntu/piggypick/server/node_modules/axios/lib/adapters/http.js:21:10)
    at dispatchRequest (/home/ubuntu/piggypick/server/node_modules/axios/lib/core/dispatchRequest.js:52:10)
    at processTicksAndRejections (internal/process/task_queues.js:93:5) {
  code: 'ERR_INVALID_ARG_TYPE'
}
[0mGET /api/list [32m200 [0m2.687 ms - 2089[0m

> server@0.0.0 start /home/ubuntu/piggypick/server
> node ./bin/www

https://hooks.slack.com/services/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
/home/ubuntu/piggypick/server/public/index.html
db connected...⬆️
[0mGET / [32m200 [0m5.408 ms - 583[0m
[0mGET /bundle.js [32m200 [0m1.243 ms - 720211[0m
[0mGET /api/list [32m200 [0m5.384 ms - 2089[0m
[0mGET /api/list [36m304 [0m2.042 ms - -[0m
[0mGET /images/favicon.ico [32m200 [0m0.643 ms - 15406[0m
[0mDELETE /api/list [32m200 [0m14.745 ms - 45[0m
[0mGET /api/list [32m200 [0m1.711 ms - 2061[0m
[0mPOST /api/list [32m200 [0m5.745 ms - 53[0m
[0mGET /api/list [32m200 [0m1.610 ms - 2086[0m
ok
[0mGET / [32m200 [0m1.095 ms - 583[0m
[0mGET / [32m200 [0m0.703 ms - 583[0m
[0mGET / [32m206 [0m2.461 ms - 583[0m
[0mGET /images/og.jpg [32m200 [0m0.749 ms - 2737961[0m
[0mGET /images/favicon.ico [32m200 [0m0.687 ms - 15406[0m
[0mGET /images/favicon.ico [32m200 [0m0.676 ms - 15406[0m
[0mGET /images/og.jpg [32m200 [0m0.708 ms - 2737961[0m
[0mGET / [32m200 [0m0.678 ms - 701[0m
[0mGET /bundle.js [32m200 [0m0.716 ms - 720211[0m
[0mGET /api/list [32m200 [0m1.877 ms - 2086[0m
[0mGET /api/list [36m304 [0m1.836 ms - -[0m
[0mGET /images/favicon.ico [32m200 [0m2.028 ms - 15406[0m
[0mGET / [32m200 [0m0.634 ms - 701[0m
[0mGET /bundle.js [32m200 [0m0.557 ms - 720211[0m
[0mGET /api/list [32m200 [0m1.677 ms - 2086[0m
[0mGET /api/list [32m200 [0m1.551 ms - 2086[0m
[0mGET /images/favicon.ico [32m200 [0m0.585 ms - 15406[0m
[0mGET /images/og.jpg [32m200 [0m1.996 ms - 2737961[0m
[0mGET / [32m200 [0m0.651 ms - 701[0m
[0mGET /bundle.js [32m200 [0m0.653 ms - 720211[0m
[0mGET /api/list [32m200 [0m1.890 ms - 2086[0m
[0mGET /api/list [32m200 [0m1.807 ms - 2086[0m
[0mGET /images/favicon.ico [32m200 [0m0.644 ms - 15406[0m
[0mGET / [36m304 [0m0.853 ms - -[0m
[0mGET /bundle.js [36m304 [0m0.474 ms - -[0m
[0mGET /api/list [36m304 [0m2.149 ms - -[0m
[0mGET /api/list [36m304 [0m1.922 ms - -[0m
[0mGET / [32m200 [0m0.648 ms - 701[0m
[0mGET / [32m200 [0m0.671 ms - 701[0m
[0mGET /images/favicon.ico [32m200 [0m0.651 ms - 15406[0m
[0mGET / [36m304 [0m0.452 ms - -[0m
[0mGET /bundle.js [36m304 [0m0.361 ms - -[0m
[0mGET /api/list [36m304 [0m1.783 ms - -[0m
[0mGET /api/list [36m304 [0m1.748 ms - -[0m
[0mGET / [32m200 [0m0.626 ms - 701[0m
/home/ubuntu/piggypick/server/public/index.html
[0mHEAD /apple-touch-icon-57x57-precomposed.png [32m200 [0m2.747 ms - 701[0m
/home/ubuntu/piggypick/server/public/index.html
[0mHEAD /apple-touch-icon-72x72-precomposed.png [32m200 [0m0.667 ms - 701[0m
/home/ubuntu/piggypick/server/public/index.html
/home/ubuntu/piggypick/server/public/index.html
/home/ubuntu/piggypick/server/public/index.html
[0mHEAD /apple-touch-icon-76x76-precomposed.png [32m200 [0m1.707 ms - 701[0m
[0mHEAD /apple-touch-icon-114x114-precomposed.png [32m200 [0m1.863 ms - 701[0m
[0mHEAD /apple-touch-icon-120x120-precomposed.png [32m200 [0m2.033 ms - 701[0m
/home/ubuntu/piggypick/server/public/index.html
[0mHEAD /apple-touch-icon-152x152-precomposed.png [32m200 [0m1.324 ms - 701[0m
/home/ubuntu/piggypick/server/public/index.html
/home/ubuntu/piggypick/server/public/index.html
[0mHEAD /apple-touch-icon-176x176-precomposed.png [32m200 [0m1.415 ms - 701[0m
[0mHEAD /apple-touch-icon-180x180-precomposed.png [32m200 [0m1.573 ms - 701[0m
/home/ubuntu/piggypick/server/public/index.html
[0mHEAD /apple-touch-icon.png [32m200 [0m0.779 ms - 701[0m
/home/ubuntu/piggypick/server/public/index.html
[0mHEAD /apple-touch-icon-precomposed.png [32m200 [0m0.863 ms - 701[0m
/home/ubuntu/piggypick/server/public/index.html
[0mHEAD /apple-touch-icon-144x144-precomposed.png [32m200 [0m0.818 ms - 701[0m
/home/ubuntu/piggypick/server/public/index.html
[0mGET /favicon.ico [32m206 [0m2.057 ms - 65[0m
/home/ubuntu/piggypick/server/public/index.html
/home/ubuntu/piggypick/server/public/index.html
/home/ubuntu/piggypick/server/public/index.html
/home/ubuntu/piggypick/server/public/index.html
/home/ubuntu/piggypick/server/public/index.html
/home/ubuntu/piggypick/server/public/index.html
/home/ubuntu/piggypick/server/public/index.html
/home/ubuntu/piggypick/server/public/index.html
/home/ubuntu/piggypick/server/public/index.html
/home/ubuntu/piggypick/server/public/index.html
[0mGET /images/favicon.ico [32m206 [0m9.420 ms - 65[0m
[0mGET /apple-touch-icon-57x57-precomposed.png [32m206 [0m10.422 ms - 65[0m
[0mGET /apple-touch-icon-72x72-precomposed.png [32m206 [0m10.723 ms - 65[0m
[0mGET /apple-touch-icon-76x76-precomposed.png [32m206 [0m10.962 ms - 65[0m
[0mGET /apple-touch-icon-114x114-precomposed.png [32m206 [0m11.187 ms - 65[0m
[0mGET /apple-touch-icon-120x120-precomposed.png [32m206 [0m11.441 ms - 65[0m
[0mGET /apple-touch-icon-144x144-precomposed.png [32m206 [0m11.672 ms - 65[0m
[0mGET /apple-touch-icon-152x152-precomposed.png [32m206 [0m13.206 ms - 65[0m
[0mGET /apple-touch-icon-176x176-precomposed.png [32m206 [0m12.406 ms - 65[0m
[0mGET /apple-touch-icon-180x180-precomposed.png [32m206 [0m12.668 ms - 65[0m
[0mGET /apple-touch-icon.png [32m206 [0m12.904 ms - 65[0m
/home/ubuntu/piggypick/server/public/index.html
[0mGET /apple-touch-icon-precomposed.png [32m206 [0m0.822 ms - 65[0m
[0mGET /images/favicon.ico [32m200 [0m0.623 ms - 15406[0m
[0mGET /images/favicon.ico [32m200 [0m0.630 ms - 15406[0m
[0mGET / [32m200 [0m0.634 ms - 701[0m
/home/ubuntu/piggypick/server/public/index.html
[0mGET /HNAP1/ [32m200 [0m0.884 ms - 701[0m
[0mGET / [32m200 [0m0.620 ms - 701[0m
[0mGET / [32m200 [0m0.608 ms - 701[0m
[0mGET /bundle.js [32m200 [0m0.685 ms - 720211[0m
[0mGET /api/list [32m200 [0m1.818 ms - 2086[0m
[0mGET /api/list [36m304 [0m1.690 ms - -[0m
[0mPOST /api/list [32m200 [0m5.077 ms - 53[0m
[0mGET /api/list [32m200 [0m1.697 ms - 2113[0m
ok
[0mGET / [32m200 [0m0.641 ms - 701[0m
[0mGET / [32m200 [0m0.621 ms - 701[0m
[0mGET / [32m200 [0m0.610 ms - 701[0m
[0mGET / [32m200 [0m0.634 ms - 701[0m
[0mGET / [32m200 [0m0.617 ms - 701[0m
[0mGET / [32m200 [0m0.603 ms - 701[0m
/home/ubuntu/piggypick/server/public/index.html
[0mGET /solr/admin/info/system?wt=json [32m200 [0m0.973 ms - 701[0m
[0mGET / [32m200 [0m0.622 ms - 701[0m
db error Error: Connection lost: The server closed the connection.
    at Protocol.end (/home/ubuntu/piggypick/server/node_modules/mysql/lib/protocol/Protocol.js:112:13)
    at Socket.<anonymous> (/home/ubuntu/piggypick/server/node_modules/mysql/lib/Connection.js:94:28)
    at Socket.<anonymous> (/home/ubuntu/piggypick/server/node_modules/mysql/lib/Connection.js:526:10)
    at Socket.emit (events.js:326:22)
    at endReadableNT (_stream_readable.js:1244:12)
    at processTicksAndRejections (internal/process/task_queues.js:80:21) {
  fatal: true,
  code: 'PROTOCOL_CONNECTION_LOST'
}
db connected...⬆️
[0mGET /?XDEBUG_SESSION_START=phpstorm [32m200 [0m0.622 ms - 701[0m
/home/ubuntu/piggypick/server/public/index.html
[0mGET /owa/auth/logon.aspx?url=https%3a%2f%2f1%2fecp%2f [32m200 [0m0.902 ms - 701[0m
[0mGET /?a=fetch&content=<php>die(@md5(HelloThinkCMF))</php> [32m200 [0m0.628 ms - 701[0m
/home/ubuntu/piggypick/server/public/index.html
[0mGET /index.php?s=/Index/\think\app/invokefunction&function=call_user_func_array&vars[0]=md5&vars[1][]=HelloThinkPHP [32m200 [0m0.897 ms - 701[0m
[0mGET / [36m304 [0m0.437 ms - -[0m
[0mGET /bundle.js [36m304 [0m0.457 ms - -[0m
[0mGET /api/list [36m304 [0m1.824 ms - -[0m
[0mGET /api/list [36m304 [0m1.741 ms - -[0m
[0mGET / [32m200 [0m0.650 ms - 701[0m
[0mGET / [32m200 [0m0.623 ms - 701[0m
[0mGET / [32m200 [0m0.630 ms - 701[0m
[0mGET / [32m200 [0m0.688 ms - 701[0m
[0mGET / [32m200 [0m0.584 ms - 701[0m
[0mGET / [32m200 [0m0.622 ms - 701[0m
[0mGET / [32m200 [0m0.632 ms - 701[0m
[0mGET / [32m200 [0m0.609 ms - 701[0m
[0mGET /bundle.js [32m200 [0m0.591 ms - 720211[0m
[0mGET /api/list [32m200 [0m6.275 ms - 2113[0m
[0mGET /api/list [36m304 [0m1.625 ms - -[0m
[0mGET /images/favicon.ico [32m200 [0m0.567 ms - 15406[0m
[0mGET / [32m200 [0m0.628 ms - 701[0m
[0mGET /bundle.js [32m200 [0m0.516 ms - 720211[0m
[0mGET /api/list [32m200 [0m3.557 ms - 2113[0m
[0mGET /api/list [36m304 [0m1.329 ms - -[0m
[0mDELETE /api/list [32m200 [0m5.118 ms - 45[0m
[0mGET /api/list [32m200 [0m1.474 ms - 2089[0m
[0mGET / [32m200 [0m0.641 ms - 701[0m
[0mGET http://example.com/ [32m200 [0m0.617 ms - 701[0m
[0mGET / [32m200 [0m1.664 ms - 701[0m
[0mGET /bundle.js [32m200 [0m0.615 ms - 720211[0m
[0mGET /api/list [32m200 [0m2.437 ms - 2089[0m
[0mGET /api/list [36m304 [0m1.505 ms - -[0m
[0mGET /images/favicon.ico [32m200 [0m0.561 ms - 15406[0m
[0mGET / [32m200 [0m0.603 ms - 701[0m
[0mGET / [32m200 [0m0.630 ms - 701[0m
[0mGET / [32m200 [0m0.636 ms - 701[0m
/home/ubuntu/piggypick/server/public/index.html
[0mGET /cgi-bin/config.exp [32m200 [0m0.861 ms - 701[0m
[0mGET / [32m200 [0m0.655 ms - 701[0m
[0mGET / [32m200 [0m0.579 ms - 701[0m
[0mGET / [32m200 [0m0.594 ms - 701[0m
[0mGET / [32m200 [0m0.628 ms - 701[0m
[0mGET / [32m200 [0m0.630 ms - 701[0m
[0mGET /bundle.js [32m200 [0m0.635 ms - 720211[0m
[0mGET /api/list [32m200 [0m1.590 ms - 2089[0m
[0mGET /api/list [36m304 [0m3.920 ms - -[0m
[0mGET / [32m200 [0m0.585 ms - 701[0m
[0mGET / [32m200 [0m0.596 ms - 701[0m
[0mGET / [32m200 [0m0.598 ms - 701[0m
[0mGET / [32m200 [0m0.584 ms - 701[0m
[0mGET / [32m200 [0m0.603 ms - 701[0m
[0mGET / [32m200 [0m0.586 ms - 701[0m
[0mGET / [32m200 [0m0.583 ms - 701[0m
[0mGET / [32m200 [0m0.606 ms - 701[0m
[0mGET / [32m200 [0m0.596 ms - 701[0m
[0mGET / [32m200 [0m0.588 ms - 701[0m
[0mGET / [32m200 [0m0.586 ms - 701[0m
[0mGET / [32m200 [0m0.582 ms - 701[0m
[0mGET /bundle.js [32m200 [0m0.602 ms - 720211[0m
[0mGET /api/list [32m200 [0m1.555 ms - 2089[0m
[0mGET /api/list [32m200 [0m1.596 ms - 2089[0m
[0mGET /api/list [36m304 [0m1.742 ms - -[0m
[0mGET / [32m200 [0m0.606 ms - 701[0m
[0mGET / [32m200 [0m0.604 ms - 701[0m
[0mGET / [32m200 [0m0.617 ms - 701[0m
[0mGET / [32m200 [0m0.598 ms - 701[0m
[0mGET /bundle.js [32m200 [0m0.608 ms - 720211[0m
[0mGET /api/list [32m200 [0m1.700 ms - 2089[0m
[0mGET /api/list [32m200 [0m1.595 ms - 2089[0m
[0mGET / [32m200 [0m0.594 ms - 701[0m
[0mGET /bundle.js [32m200 [0m0.628 ms - 720211[0m
[0mGET /api/list [32m200 [0m1.635 ms - 2089[0m
[0mGET /api/list [32m200 [0m1.569 ms - 2089[0m
[0mGET / [32m200 [0m0.592 ms - 701[0m
[0mGET /bundle.js [32m200 [0m0.607 ms - 720211[0m
[0mGET /api/list [32m200 [0m1.568 ms - 2089[0m
[0mGET / [32m200 [0m0.612 ms - 701[0m
[0mGET /bundle.js [32m200 [0m0.648 ms - 720211[0m
[0mGET /api/list [32m200 [0m1.582 ms - 2089[0m
[0mGET /api/list [32m200 [0m1.542 ms - 2089[0m
[0mGET / [32m200 [0m0.593 ms - 701[0m
[0mGET /bundle.js [32m200 [0m0.609 ms - 720211[0m
[0mGET /api/list [32m200 [0m1.532 ms - 2089[0m
[0mGET / [32m200 [0m0.595 ms - 701[0m
[0mGET / [32m200 [0m0.602 ms - 701[0m
[0mGET /bundle.js [32m200 [0m1.595 ms - 720211[0m
[0mGET / [36m304 [0m0.413 ms - -[0m
[0mGET /bundle.js [36m304 [0m0.387 ms - -[0m
[0mGET /api/list [36m304 [0m1.538 ms - -[0m
[0mGET /api/list [36m304 [0m1.533 ms - -[0m
[0mPOST /api/list [32m200 [0m9.238 ms - 53[0m
[0mGET /api/list [32m200 [0m1.534 ms - 2117[0m
ok
[0mDELETE /api/list [32m200 [0m6.852 ms - 45[0m
[0mGET /api/list [32m200 [0m1.462 ms - 2096[0m
[0mDELETE /api/list [32m200 [0m5.111 ms - 45[0m
[0mGET /api/list [32m200 [0m2.638 ms - 2068[0m
[0mGET / [36m304 [0m0.407 ms - -[0m
[0mGET /bundle.js [36m304 [0m0.403 ms - -[0m
[0mGET /api/list [32m200 [0m1.583 ms - 2068[0m
[0mGET /api/list [36m304 [0m5.606 ms - -[0m
[0mGET / [32m200 [0m0.606 ms - 701[0m
[0mGET /bundle.js [32m200 [0m0.612 ms - 720211[0m
[0mGET /api/list [32m200 [0m1.778 ms - 2068[0m
[0mGET /api/list [36m304 [0m3.434 ms - -[0m
[0mGET / [32m200 [0m0.581 ms - 701[0m
/home/ubuntu/piggypick/server/public/index.html
[0mGET /owa/auth/logon.aspx?url=https%3a%2f%2f1%2fecp%2f [32m200 [0m0.866 ms - 701[0m
[0mGET / [32m200 [0m1.759 ms - 701[0m
[0mGET / [32m200 [0m0.582 ms - 701[0m
[0mGET / [32m200 [0m0.596 ms - 701[0m
/home/ubuntu/piggypick/server/public/index.html
[0mGET /index.php?s=/Index/\think\app/invokefunction&function=call_user_func_array&vars[0]=md5&vars[1][]=HelloThinkPHP [32m200 [0m0.836 ms - 701[0m
[0mGET /?XDEBUG_SESSION_START=phpstorm [32m200 [0m0.578 ms - 701[0m
[0mPOST /api/jsonws/invoke [33m404 [0m0.950 ms - 27[0m
/home/ubuntu/piggypick/server/public/index.html
[0mGET /latest/meta-data/ [32m200 [0m4.585 ms - 701[0m
/home/ubuntu/piggypick/server/public/index.html
[0mGET /vendor/phpunit/phpunit/src/Util/PHP/eval-stdin.php [32m200 [0m0.992 ms - 701[0m
[0mPOST /vendor/phpunit/phpunit/src/Util/PHP/eval-stdin.php [33m404 [0m1.050 ms - 27[0m
[0mGET / [32m200 [0m0.587 ms - 701[0m
[0mGET / [32m200 [0m0.574 ms - 701[0m
[0mGET / [32m200 [0m0.636 ms - 701[0m
[0mGET / [32m200 [0m0.584 ms - 701[0m
db error Error: Connection lost: The server closed the connection.
    at Protocol.end (/home/ubuntu/piggypick/server/node_modules/mysql/lib/protocol/Protocol.js:112:13)
    at Socket.<anonymous> (/home/ubuntu/piggypick/server/node_modules/mysql/lib/Connection.js:94:28)
    at Socket.<anonymous> (/home/ubuntu/piggypick/server/node_modules/mysql/lib/Connection.js:526:10)
    at Socket.emit (events.js:326:22)
    at endReadableNT (_stream_readable.js:1244:12)
    at processTicksAndRejections (internal/process/task_queues.js:80:21) {
  fatal: true,
  code: 'PROTOCOL_CONNECTION_LOST'
}
db connected...⬆️
[0mGET / [32m200 [0m0.603 ms - 701[0m
[0mGET / [32m200 [0m0.593 ms - 701[0m
[0mGET / [32m200 [0m0.581 ms - 701[0m
/home/ubuntu/piggypick/server/public/index.html
[0mGET /wp-json/ [32m200 [0m0.880 ms - 701[0m
[0mGET / [36m304 [0m0.430 ms - -[0m
[0mGET /bundle.js [36m304 [0m0.436 ms - -[0m
[0mGET /api/list [36m304 [0m1.611 ms - -[0m
[0mGET /api/list [36m304 [0m1.516 ms - -[0m
[0mGET / [32m200 [0m0.611 ms - 701[0m
[0mGET /images/favicon.ico [32m200 [0m0.616 ms - 15406[0m
[0mGET / [32m200 [0m0.584 ms - 701[0m
[0mGET / [32m200 [0m0.569 ms - 701[0m
/home/ubuntu/piggypick/server/public/index.html
[0mGET /test [32m200 [0m0.832 ms - 701[0m
[0mGET /bundle.js [36m304 [0m0.426 ms - -[0m
[0mGET /api/list [36m304 [0m1.587 ms - -[0m
[0mGET /api/list [36m304 [0m1.451 ms - -[0m
/home/ubuntu/piggypick/server/public/index.html
[0mGET /admin [32m200 [0m0.830 ms - 701[0m
[0mGET /bundle.js [36m304 [0m0.430 ms - -[0m
[0mGET /api/list [36m304 [0m1.529 ms - -[0m
[0mGET /api/list [36m304 [0m1.483 ms - -[0m
[0mGET / [36m304 [0m0.428 ms - -[0m
[0mGET /bundle.js [36m304 [0m0.444 ms - -[0m
[0mGET /api/list [36m304 [0m2.642 ms - -[0m
[0mGET /api/list [36m304 [0m8.973 ms - -[0m
[0mGET / [32m200 [0m0.596 ms - 701[0m
[0mGET / [32m200 [0m0.616 ms - 701[0m
[0mGET / [32m200 [0m0.597 ms - 701[0m
[0mGET / [32m200 [0m0.616 ms - 701[0m
[0mGET / [32m200 [0m0.592 ms - 701[0m
db error Error: Connection lost: The server closed the connection.
    at Protocol.end (/home/ubuntu/piggypick/server/node_modules/mysql/lib/protocol/Protocol.js:112:13)
    at Socket.<anonymous> (/home/ubuntu/piggypick/server/node_modules/mysql/lib/Connection.js:94:28)
    at Socket.<anonymous> (/home/ubuntu/piggypick/server/node_modules/mysql/lib/Connection.js:526:10)
    at Socket.emit (events.js:326:22)
    at endReadableNT (_stream_readable.js:1244:12)
    at processTicksAndRejections (internal/process/task_queues.js:80:21) {
  fatal: true,
  code: 'PROTOCOL_CONNECTION_LOST'
}
db connected...⬆️
/home/ubuntu/piggypick/server/public/index.html
[0mGET /Telerik.Web.UI.WebResource.axd?type=rau [32m200 [0m0.842 ms - 701[0m
[0mGET / [32m200 [0m0.617 ms - 701[0m
[0mGET / [32m200 [0m0.615 ms - 701[0m
[0mGET / [32m200 [0m0.627 ms - 701[0m
[0mGET / [32m200 [0m0.616 ms - 701[0m
[0mGET / [32m200 [0m0.616 ms - 701[0m
[0mGET / [32m200 [0m0.608 ms - 701[0m
[0mGET / [32m200 [0m0.578 ms - 701[0m
/home/ubuntu/piggypick/server/public/index.html
[0mGET /Telerik.Web.UI.WebResource.axd?type=rau [32m200 [0m0.836 ms - 701[0m
[0mGET / [32m200 [0m0.586 ms - 701[0m
[0mGET / [36m304 [0m0.428 ms - -[0m
[0mGET /bundle.js [36m304 [0m0.441 ms - -[0m
[0mGET /api/list [36m304 [0m1.432 ms - -[0m
[0mGET /api/list [36m304 [0m1.422 ms - -[0m
[0mPOST /api/list [32m200 [0m14.953 ms - 53[0m
[0mGET /api/list [32m200 [0m1.376 ms - 2089[0m
ok
[0mGET / [32m200 [0m0.612 ms - 701[0m
[0mGET / [32m200 [0m0.605 ms - 701[0m
/home/ubuntu/piggypick/server/public/index.html
[0mGET /owa/auth/logon.aspx?url=https%3a%2f%2f1%2fecp%2f [32m200 [0m0.831 ms - 701[0m
[0mGET / [32m200 [0m0.573 ms - 701[0m
[0mGET / [32m200 [0m0.617 ms - 701[0m
[0mGET / [32m200 [0m0.624 ms - 701[0m
[0mGET / [32m200 [0m0.573 ms - 701[0m
/home/ubuntu/piggypick/server/public/index.html
[0mGET /remote/login [32m200 [0m0.828 ms - 701[0m
[0mGET / [32m200 [0m0.581 ms - 701[0m
[0mGET / [32m200 [0m0.584 ms - 701[0m
[0mGET / [32m200 [0m0.645 ms - 701[0m
[0mGET / [32m200 [0m0.579 ms - 701[0m
[0mGET / [32m200 [0m1.551 ms - 701[0m
[0mGET /images/favicon.ico [32m200 [0m0.609 ms - 15406[0m
db error Error: Connection lost: The server closed the connection.
    at Protocol.end (/home/ubuntu/piggypick/server/node_modules/mysql/lib/protocol/Protocol.js:112:13)
    at Socket.<anonymous> (/home/ubuntu/piggypick/server/node_modules/mysql/lib/Connection.js:94:28)
    at Socket.<anonymous> (/home/ubuntu/piggypick/server/node_modules/mysql/lib/Connection.js:526:10)
    at Socket.emit (events.js:326:22)
    at endReadableNT (_stream_readable.js:1244:12)
    at processTicksAndRejections (internal/process/task_queues.js:80:21) {
  fatal: true,
  code: 'PROTOCOL_CONNECTION_LOST'
}
db connected...⬆️
[0mGET / [32m200 [0m0.618 ms - 701[0m
[0mGET / [32m200 [0m0.615 ms - 701[0m
/home/ubuntu/piggypick/server/public/index.html
[0mGET /favicon.ico [32m200 [0m0.829 ms - 701[0m
[0mGET / [32m200 [0m0.579 ms - 701[0m
[0mGET / [32m200 [0m0.638 ms - 701[0m
[0mPOST /sdk [33m404 [0m0.398 ms - 27[0m
[0mGET / [32m200 [0m0.631 ms - 701[0m
/home/ubuntu/piggypick/server/public/index.html
[0mGET /nmaplowercheck1599580390 [32m200 [0m0.683 ms - 701[0m
/home/ubuntu/piggypick/server/public/index.html
[0mGET /NmapUpperCheck1599580390 [32m200 [0m0.835 ms - 701[0m
[0mGET / [32m200 [0m0.476 ms - 701[0m
/home/ubuntu/piggypick/server/public/index.html
[0mGET /Nmap/folder/check1599580390 [32m200 [0m1.950 ms - 701[0m
[0mGET / [32m200 [0m0.606 ms - 701[0m
[0mGET / [32m200 [0m0.583 ms - 701[0m
[0mGET / [32m200 [0m0.610 ms - 701[0m
[0mGET / [32m200 [0m0.590 ms - 701[0m
[0mGET / [32m200 [0m0.588 ms - 701[0m
/home/ubuntu/piggypick/server/public/index.html
[0mGET /solr/admin/info/system?wt=json [32m200 [0m0.878 ms - 701[0m
[0mGET /?XDEBUG_SESSION_START=phpstorm [32m200 [0m0.578 ms - 701[0m
[0mGET /?a=fetch&content=<php>die(@md5(HelloThinkCMF))</php> [32m200 [0m0.609 ms - 701[0m
/home/ubuntu/piggypick/server/public/index.html
[0mGET /index.php?s=/Index/\think\app/invokefunction&function=call_user_func_array&vars[0]=md5&vars[1][]=HelloThinkPHP [32m200 [0m0.851 ms - 701[0m
[0mGET / [32m200 [0m0.588 ms - 701[0m
